# JRE version: Java(TM) SE Runtime Environment 18.9 (11.0.14+8) (build 11.0.14+8-LTS-263)
# Java VM: Java HotSpot(TM) 64-Bit Server VM 18.9 (11.0.14+8-LTS-263, mixed mode, tiered, compressed oops, g1 gc, windows-amd64)
Heap:
 garbage-first heap   total 189440K, used 31797K [0x0000000080e00000, 0x0000000100000000)
  region size 1024K, 7 young (7168K), 7 survivors (7168K)
 Metaspace       used 66487K, capacity 68231K, committed 68344K, reserved 1107968K
  class space    used 9244K, capacity 9964K, committed 10060K, reserved 1048576K
GC Heap History (10 events):
Event: 5.590 GC heap after
{Heap after GC invocations=7 (full 0):
 garbage-first heap   total 157696K, used 16148K [0x0000000080e00000, 0x0000000100000000)
  region size 1024K, 8 young (8192K), 8 survivors (8192K)
 Metaspace       used 32291K, capacity 33211K, committed 33408K, reserved 1079296K
  class space    used 4079K, capacity 4462K, committed 4480K, reserved 1048576K
}
Event: 6.092 GC heap before
{Heap before GC invocations=7 (full 0):
 garbage-first heap   total 157696K, used 89876K [0x0000000080e00000, 0x0000000100000000)
  region size 1024K, 81 young (82944K), 8 survivors (8192K)
 Metaspace       used 34649K, capacity 35589K, committed 35840K, reserved 1081344K
  class space    used 4442K, capacity 4834K, committed 4864K, reserved 1048576K
}
Event: 6.101 GC heap after
{Heap after GC invocations=8 (full 0):
 garbage-first heap   total 157696K, used 17755K [0x0000000080e00000, 0x0000000100000000)
  region size 1024K, 7 young (7168K), 7 survivors (7168K)
 Metaspace       used 34649K, capacity 35589K, committed 35840K, reserved 1081344K
  class space    used 4442K, capacity 4834K, committed 4864K, reserved 1048576K
}
Event: 6.974 GC heap before
{Heap before GC invocations=9 (full 0):
 garbage-first heap   total 157696K, used 104795K [0x0000000080e00000, 0x0000000100000000)
  region size 1024K, 92 young (94208K), 7 survivors (7168K)
 Metaspace       used 41812K, capacity 43063K, committed 43264K, reserved 1087488K
  class space    used 5544K, capacity 6067K, committed 6144K, reserved 1048576K
}
Event: 6.985 GC heap after
{Heap after GC invocations=10 (full 0):
 garbage-first heap   total 157696K, used 22690K [0x0000000080e00000, 0x0000000100000000)
  region size 1024K, 10 young (10240K), 10 survivors (10240K)
 Metaspace       used 41812K, capacity 43063K, committed 43264K, reserved 1087488K
  class space    used 5544K, capacity 6067K, committed 6144K, reserved 1048576K
}
Event: 7.849 GC heap before
{Heap before GC invocations=10 (full 0):
 garbage-first heap   total 157696K, used 106658K [0x0000000080e00000, 0x0000000100000000)
  region size 1024K, 92 young (94208K), 10 survivors (10240K)
 Metaspace       used 51086K, capacity 52491K, committed 52736K, reserved 1095680K
  class space    used 6749K, capacity 7318K, committed 7424K, reserved 1048576K
}
Event: 7.861 GC heap after
{Heap after GC invocations=11 (full 0):
 garbage-first heap   total 157696K, used 25692K [0x0000000080e00000, 0x0000000100000000)
  region size 1024K, 11 young (11264K), 11 survivors (11264K)
 Metaspace       used 51086K, capacity 52491K, committed 52736K, reserved 1095680K
  class space    used 6749K, capacity 7318K, committed 7424K, reserved 1048576K
}
Event: 8.316 GC heap before
{Heap before GC invocations=11 (full 0):
 garbage-first heap   total 157696K, used 77916K [0x0000000080e00000, 0x0000000100000000)
  region size 1024K, 63 young (64512K), 11 survivors (11264K)
 Metaspace       used 58278K, capacity 59789K, committed 59948K, reserved 1101824K
  class space    used 7900K, capacity 8515K, committed 8576K, reserved 1048576K
}
Event: 8.327 GC heap after
{Heap after GC invocations=12 (full 0):
 garbage-first heap   total 157696K, used 28200K [0x0000000080e00000, 0x0000000100000000)
  region size 1024K, 7 young (7168K), 7 survivors (7168K)
 Metaspace       used 58278K, capacity 59789K, committed 59948K, reserved 1101824K
  class space    used 7900K, capacity 8515K, committed 8576K, reserved 1048576K
}
Event: 9.580 GC heap before
{Heap before GC invocations=13 (full 0):
 garbage-first heap   total 157696K, used 114216K [0x0000000080e00000, 0x0000000100000000)
  region size 1024K, 92 young (94208K), 7 survivors (7168K)
 Metaspace       used 66487K, capacity 68231K, committed 68344K, reserved 1107968K
  class space    used 9244K, capacity 9964K, committed 10060K, reserved 1048576K
}

